============================= test session starts ==============================
platform darwin -- Python 3.9.6, pytest-8.4.2, pluggy-1.6.0 -- /Library/Developer/CommandLineTools/usr/bin/python3
cachedir: .pytest_cache
rootdir: /Users/marklehn/Developer/GitHub/lessons-forge/.bellows-worktrees/311
plugins: anyio-4.12.1, xdist-3.8.0, timeout-2.4.0, cov-7.0.0
collecting ... collected 55 items

src/test_lessons_forge.py::test_lesson_entries_schema PASSED             [  1%]
src/test_lessons_forge.py::test_lesson_proposals_schema PASSED           [  3%]
src/test_lessons_forge.py::test_check_constraints_reject_invalid PASSED  [  5%]
src/test_lessons_forge.py::test_parse_lessons_md_basic PASSED            [  7%]
src/test_lessons_forge.py::test_parse_lessons_md_tags PASSED             [  9%]
src/test_lessons_forge.py::test_parse_lessons_md_archived_stop PASSED    [ 10%]
src/test_lessons_forge.py::test_parse_lessons_md_hash_deterministic PASSED [ 12%]
src/test_lessons_forge.py::test_ingest_fresh_insert PASSED               [ 14%]
src/test_lessons_forge.py::test_ingest_unchanged_noop PASSED             [ 16%]
src/test_lessons_forge.py::test_ingest_updated_entry PASSED              [ 18%]
src/test_lessons_forge.py::test_ingest_stale_proposals PASSED            [ 20%]
src/test_lessons_forge.py::test_get_unclassified_entries PASSED          [ 21%]
src/test_lessons_forge.py::test_insert_proposal_basic PASSED             [ 23%]
src/test_lessons_forge.py::test_insert_proposal_minimal_fields PASSED    [ 25%]
src/test_lessons_forge.py::test_detect_duplicates_empty_list PASSED      [ 27%]
src/test_lessons_forge.py::test_detect_duplicates_no_match PASSED        [ 29%]
src/test_lessons_forge.py::test_detect_duplicates_tag_match PASSED       [ 30%]
src/test_lessons_forge.py::test_detect_duplicates_heading_match PASSED   [ 32%]
src/test_lessons_forge.py::test_detect_duplicates_first_match_wins PASSED [ 34%]
src/test_lessons_forge.py::test_detect_duplicates_tag_substring_not_flagged PASSED [ 36%]
src/test_lessons_forge.py::test_run_full_lessons_cycle_fresh PASSED      [ 38%]
src/test_lessons_forge.py::test_run_full_lessons_cycle_with_duplicates PASSED [ 40%]
src/test_lessons_forge.py::test_run_full_lessons_cycle_idempotent PASSED [ 41%]
src/test_lessons_forge.py::test_needs_classification_excludes_dispositioned_entry PASSED [ 43%]
src/test_lessons_forge.py::test_needs_classification_includes_stale_only_entry PASSED [ 45%]
src/test_lessons_forge.py::test_needs_classification_plus_duplicates_equals_total PASSED [ 47%]
src/test_lessons_forge.py::test_generate_lessons_report_empty PASSED     [ 49%]
src/test_lessons_forge.py::test_generate_lessons_report_multi_category PASSED [ 50%]
src/test_lessons_forge.py::test_generate_lessons_report_writes_file PASSED [ 52%]
src/test_lessons_forge.py::test_insert_proposal_with_valid_route[codify] PASSED [ 54%]
src/test_lessons_forge.py::test_insert_proposal_with_valid_route[backlog] PASSED [ 56%]
src/test_lessons_forge.py::test_insert_proposal_with_valid_route[reference] PASSED [ 58%]
src/test_lessons_forge.py::test_insert_proposal_route_none_default PASSED [ 60%]
src/test_lessons_forge.py::test_insert_proposal_invalid_route_raises PASSED [ 61%]
src/test_lessons_forge.py::test_route_check_constraint_rejects_invalid_sql PASSED [ 63%]
src/test_lessons_forge.py::test_migration_idempotence_double_init PASSED [ 65%]
src/test_lessons_forge.py::test_migration_adds_route_to_pre_existing_db PASSED [ 67%]
src/test_lessons_forge.py::test_set_proposal_route_persists PASSED       [ 69%]
src/test_lessons_forge.py::test_set_proposal_route_invalid_raises PASSED [ 70%]
src/test_lessons_forge.py::test_report_renders_route_where_present PASSED [ 72%]
src/test_lessons_forge.py::test_reference_status_migration_idempotence PASSED [ 74%]
src/test_lessons_forge.py::test_reference_status_migration_pre_existing_db PASSED [ 76%]
src/test_lessons_forge.py::test_reference_status_check_accepts_reference PASSED [ 78%]
src/test_lessons_forge.py::test_reference_status_check_still_rejects_invalid PASSED [ 80%]
src/test_lessons_forge.py::test_reference_status_migration_preserves_row_count PASSED [ 81%]
src/test_lessons_forge.py::test_report_renders_proposal_details PASSED   [ 83%]
src/test_lessons_forge.py::test_hash_trailing_separator_invariant PASSED [ 85%]
src/test_lessons_forge.py::test_hash_substantive_edit_changes_hash PASSED [ 87%]
src/test_lessons_forge.py::test_raw_content_stored_verbatim_with_separator PASSED [ 89%]
src/test_lessons_forge.py::test_terminal_status_guard[implemented] PASSED [ 90%]
src/test_lessons_forge.py::test_terminal_status_guard[reference] PASSED  [ 92%]
src/test_lessons_forge.py::test_terminal_status_guard[rejected] PASSED   [ 94%]
src/test_lessons_forge.py::test_terminal_status_guard[superseded] PASSED [ 96%]
src/test_lessons_forge.py::test_nonterminal_still_stales PASSED          [ 98%]
src/test_lessons_forge.py::test_trailing_separator_only_delta_zero_stales PASSED [100%]

============================== 55 passed in 0.15s ==============================
