============================= test session starts ==============================
platform darwin -- Python 3.9.6, pytest-8.4.2, pluggy-1.6.0 -- /Library/Developer/CommandLineTools/usr/bin/python3
cachedir: .pytest_cache
rootdir: /Users/marklehn/Developer/GitHub/lessons-forge/.bellows-worktrees/500
plugins: anyio-4.12.1, xdist-3.8.0, timeout-2.4.0, cov-7.0.0
collecting ... collected 63 items

src/test_lessons_forge.py::test_lesson_entries_schema PASSED             [  1%]
src/test_lessons_forge.py::test_lesson_proposals_schema PASSED           [  3%]
src/test_lessons_forge.py::test_check_constraints_reject_invalid PASSED  [  4%]
src/test_lessons_forge.py::test_parse_lessons_md_basic PASSED            [  6%]
src/test_lessons_forge.py::test_parse_lessons_md_tags PASSED             [  7%]
src/test_lessons_forge.py::test_parse_lessons_md_archived_stop PASSED    [  9%]
src/test_lessons_forge.py::test_parse_lessons_md_hash_deterministic PASSED [ 11%]
src/test_lessons_forge.py::test_ingest_fresh_insert PASSED               [ 12%]
src/test_lessons_forge.py::test_ingest_unchanged_noop PASSED             [ 14%]
src/test_lessons_forge.py::test_ingest_updated_entry PASSED              [ 15%]
src/test_lessons_forge.py::test_ingest_stale_proposals PASSED            [ 17%]
src/test_lessons_forge.py::test_get_unclassified_entries PASSED          [ 19%]
src/test_lessons_forge.py::test_insert_proposal_basic PASSED             [ 20%]
src/test_lessons_forge.py::test_insert_proposal_minimal_fields PASSED    [ 22%]
src/test_lessons_forge.py::test_detect_duplicates_empty_list PASSED      [ 23%]
src/test_lessons_forge.py::test_detect_duplicates_no_match PASSED        [ 25%]
src/test_lessons_forge.py::test_detect_duplicates_tag_match PASSED       [ 26%]
src/test_lessons_forge.py::test_detect_duplicates_heading_match PASSED   [ 28%]
src/test_lessons_forge.py::test_detect_duplicates_first_match_wins PASSED [ 30%]
src/test_lessons_forge.py::test_detect_duplicates_tag_substring_not_flagged PASSED [ 31%]
src/test_lessons_forge.py::test_run_full_lessons_cycle_fresh PASSED      [ 33%]
src/test_lessons_forge.py::test_run_full_lessons_cycle_with_duplicates PASSED [ 34%]
src/test_lessons_forge.py::test_run_full_lessons_cycle_idempotent PASSED [ 36%]
src/test_lessons_forge.py::test_needs_classification_excludes_dispositioned_entry PASSED [ 38%]
src/test_lessons_forge.py::test_needs_classification_includes_stale_only_entry PASSED [ 39%]
src/test_lessons_forge.py::test_needs_classification_plus_duplicates_equals_total PASSED [ 41%]
src/test_lessons_forge.py::test_generate_lessons_report_empty PASSED     [ 42%]
src/test_lessons_forge.py::test_generate_lessons_report_multi_category PASSED [ 44%]
src/test_lessons_forge.py::test_generate_lessons_report_writes_file PASSED [ 46%]
src/test_lessons_forge.py::test_insert_proposal_with_valid_route[codify] PASSED [ 47%]
src/test_lessons_forge.py::test_insert_proposal_with_valid_route[backlog] PASSED [ 49%]
src/test_lessons_forge.py::test_insert_proposal_with_valid_route[reference] PASSED [ 50%]
src/test_lessons_forge.py::test_insert_proposal_route_none_default PASSED [ 52%]
src/test_lessons_forge.py::test_insert_proposal_invalid_route_raises PASSED [ 53%]
src/test_lessons_forge.py::test_route_check_constraint_rejects_invalid_sql PASSED [ 55%]
src/test_lessons_forge.py::test_migration_idempotence_double_init PASSED [ 57%]
src/test_lessons_forge.py::test_migration_adds_route_to_pre_existing_db PASSED [ 58%]
src/test_lessons_forge.py::test_set_proposal_route_persists PASSED       [ 60%]
src/test_lessons_forge.py::test_set_proposal_route_invalid_raises PASSED [ 61%]
src/test_lessons_forge.py::test_report_renders_route_where_present PASSED [ 63%]
src/test_lessons_forge.py::test_reference_status_migration_idempotence PASSED [ 65%]
src/test_lessons_forge.py::test_reference_status_migration_pre_existing_db PASSED [ 66%]
src/test_lessons_forge.py::test_reference_status_check_accepts_reference PASSED [ 68%]
src/test_lessons_forge.py::test_reference_status_check_still_rejects_invalid PASSED [ 69%]
src/test_lessons_forge.py::test_reference_status_migration_preserves_row_count PASSED [ 71%]
src/test_lessons_forge.py::test_report_renders_proposal_details PASSED   [ 73%]
src/test_lessons_forge.py::test_hash_trailing_separator_invariant PASSED [ 74%]
src/test_lessons_forge.py::test_hash_substantive_edit_changes_hash PASSED [ 76%]
src/test_lessons_forge.py::test_raw_content_stored_verbatim_with_separator PASSED [ 77%]
src/test_lessons_forge.py::test_terminal_status_guard[implemented] PASSED [ 79%]
src/test_lessons_forge.py::test_terminal_status_guard[reference] PASSED  [ 80%]
src/test_lessons_forge.py::test_terminal_status_guard[rejected] PASSED   [ 82%]
src/test_lessons_forge.py::test_terminal_status_guard[superseded] PASSED [ 84%]
src/test_lessons_forge.py::test_nonterminal_still_stales PASSED          [ 85%]
src/test_lessons_forge.py::test_trailing_separator_only_delta_zero_stales PASSED [ 87%]
src/test_lessons_forge.py::test_annotated_heading_matches_existing_row PASSED [ 88%]
src/test_lessons_forge.py::test_key_heading_preserves_tag_markers PASSED [ 90%]
src/test_lessons_forge.py::test_heading_with_markers_correct_heading_title PASSED [ 92%]
src/test_lessons_forge.py::test_key_heading_preserves_internal_double_spacing PASSED [ 93%]
src/test_lessons_forge.py::test_key_heading_identity_fixture PASSED      [ 95%]
src/test_lessons_forge.py::test_key_heading_annotated_matches_unannotated PASSED [ 96%]
src/test_lessons_forge.py::test_key_heading_tag_survives_status_target_removed PASSED [ 98%]
src/test_lessons_forge.py::test_key_heading_marker_start_or_middle_no_doubled_space PASSED [100%]

============================== 63 passed in 0.10s ==============================
